[2023-10-26 18:32:25] laravel.EMERGENCY: Unable to create configured logger. Using emergency logger. {"exception":"[object] (Error(code: 0): Class \"Illuminate\\Support\\Collection\" not found at /home/ti09/Contenedores/Test/mylaravelapp/vendor/laravel/framework/src/Illuminate/Support/helpers.php:110)
[stacktrace]
#0 /home/ti09/Contenedores/Test/mylaravelapp/vendor/laravel/framework/src/Illuminate/Log/LogManager.php(240): collect()
#1 /home/ti09/Contenedores/Test/mylaravelapp/vendor/laravel/framework/src/Illuminate/Log/LogManager.php(202): Illuminate\\Log\\LogManager->createStackDriver()
#2 /home/ti09/Contenedores/Test/mylaravelapp/vendor/laravel/framework/src/Illuminate/Log/LogManager.php(118): Illuminate\\Log\\LogManager->resolve()
#3 /home/ti09/Contenedores/Test/mylaravelapp/vendor/laravel/framework/src/Illuminate/Log/LogManager.php(98): Illuminate\\Log\\LogManager->get()
#4 /home/ti09/Contenedores/Test/mylaravelapp/vendor/laravel/framework/src/Illuminate/Log/LogManager.php(543): Illuminate\\Log\\LogManager->driver()
#5 /home/ti09/Contenedores/Test/mylaravelapp/vendor/laravel/framework/src/Illuminate/Foundation/Exceptions/Handler.php(123): Illuminate\\Log\\LogManager->error()
#6 /home/ti09/Contenedores/Test/mylaravelapp/app/Exceptions/Handler.php(39): Illuminate\\Foundation\\Exceptions\\Handler->report()
#7 /home/ti09/Contenedores/Test/mylaravelapp/vendor/laravel/framework/src/Illuminate/Foundation/Bootstrap/HandleExceptions.php(88): App\\Exceptions\\Handler->report()
#8 /home/ti09/Contenedores/Test/mylaravelapp/vendor/laravel/framework/src/Illuminate/Foundation/Bootstrap/HandleExceptions.php(130): Illuminate\\Foundation\\Bootstrap\\HandleExceptions->handleException()
#9 [internal function]: Illuminate\\Foundation\\Bootstrap\\HandleExceptions->handleShutdown()
#10 {main}
"} 
[2023-10-26 18:32:25] laravel.ERROR: During inheritance of ArrayAccess: Uncaught ErrorException: Return type of Illuminate\Support\Collection::offsetExists($key) should either be compatible with ArrayAccess::offsetExists(mixed $offset): bool, or the #[\ReturnTypeWillChange] attribute should be used to temporarily suppress the notice in /home/ti09/Contenedores/Test/mylaravelapp/vendor/laravel/framework/src/Illuminate/Support/Collection.php:1349
Stack trace:
#0 /home/ti09/Contenedores/Test/mylaravelapp/vendor/laravel/framework/src/Illuminate/Support/Collection.php(11): Illuminate\Foundation\Bootstrap\HandleExceptions->handleError()
#1 /home/ti09/Contenedores/Test/mylaravelapp/vendor/composer/ClassLoader.php(571): include('...')
#2 /home/ti09/Contenedores/Test/mylaravelapp/vendor/composer/ClassLoader.php(428): Composer\Autoload\includeFile()
#3 /home/ti09/Contenedores/Test/mylaravelapp/vendor/laravel/framework/src/Illuminate/Support/helpers.php(110): Composer\Autoload\ClassLoader->loadClass()
#4 /home/ti09/Contenedores/Test/mylaravelapp/vendor/laravel/framework/src/Illuminate/Foundation/PackageManifest.php(130): collect()
#5 /home/ti09/Contenedores/Test/mylaravelapp/vendor/laravel/framework/src/Illuminate/Foundation/PackageManifest.php(106): Illuminate\Foundation\PackageManifest->build()
#6 /home/ti09/Contenedores/Test/mylaravelapp/vendor/laravel/framework/src/Illuminate/Foundation/PackageManifest.php(89): Illuminate\Foundation\PackageManifest->getManifest()
#7 /home/ti09/Contenedores/Test/mylaravelapp/vendor/laravel/framework/src/Illuminate/Foundation/PackageManifest.php(78): Illuminate\Foundation\PackageManifest->config()
#8 /home/ti09/Contenedores/Test/mylaravelapp/vendor/laravel/framework/src/Illuminate/Foundation/Bootstrap/RegisterFacades.php(26): Illuminate\Foundation\PackageManifest->aliases()
#9 /home/ti09/Contenedores/Test/mylaravelapp/vendor/laravel/framework/src/Illuminate/Foundation/Application.php(230): Illuminate\Foundation\Bootstrap\RegisterFacades->bootstrap()
#10 /home/ti09/Contenedores/Test/mylaravelapp/vendor/laravel/framework/src/Illuminate/Foundation/Console/Kernel.php(310): Illuminate\Foundation\Application->bootstrapWith()
#11 /home/ti09/Contenedores/Test/mylaravelapp/vendor/laravel/framework/src/Illuminate/Foundation/Console/Kernel.php(127): Illuminate\Foundation\Console\Kernel->bootstrap()
#12 /home/ti09/Contenedores/Test/mylaravelapp/artisan(37): Illuminate\Foundation\Console\Kernel->handle()
#13 {main} {"exception":"[object] (Symfony\\Component\\ErrorHandler\\Error\\FatalError(code: 0): During inheritance of ArrayAccess: Uncaught ErrorException: Return type of Illuminate\\Support\\Collection::offsetExists($key) should either be compatible with ArrayAccess::offsetExists(mixed $offset): bool, or the #[\\ReturnTypeWillChange] attribute should be used to temporarily suppress the notice in /home/ti09/Contenedores/Test/mylaravelapp/vendor/laravel/framework/src/Illuminate/Support/Collection.php:1349
Stack trace:
#0 /home/ti09/Contenedores/Test/mylaravelapp/vendor/laravel/framework/src/Illuminate/Support/Collection.php(11): Illuminate\\Foundation\\Bootstrap\\HandleExceptions->handleError()
#1 /home/ti09/Contenedores/Test/mylaravelapp/vendor/composer/ClassLoader.php(571): include('...')
#2 /home/ti09/Contenedores/Test/mylaravelapp/vendor/composer/ClassLoader.php(428): Composer\\Autoload\\includeFile()
#3 /home/ti09/Contenedores/Test/mylaravelapp/vendor/laravel/framework/src/Illuminate/Support/helpers.php(110): Composer\\Autoload\\ClassLoader->loadClass()
#4 /home/ti09/Contenedores/Test/mylaravelapp/vendor/laravel/framework/src/Illuminate/Foundation/PackageManifest.php(130): collect()
#5 /home/ti09/Contenedores/Test/mylaravelapp/vendor/laravel/framework/src/Illuminate/Foundation/PackageManifest.php(106): Illuminate\\Foundation\\PackageManifest->build()
#6 /home/ti09/Contenedores/Test/mylaravelapp/vendor/laravel/framework/src/Illuminate/Foundation/PackageManifest.php(89): Illuminate\\Foundation\\PackageManifest->getManifest()
#7 /home/ti09/Contenedores/Test/mylaravelapp/vendor/laravel/framework/src/Illuminate/Foundation/PackageManifest.php(78): Illuminate\\Foundation\\PackageManifest->config()
#8 /home/ti09/Contenedores/Test/mylaravelapp/vendor/laravel/framework/src/Illuminate/Foundation/Bootstrap/RegisterFacades.php(26): Illuminate\\Foundation\\PackageManifest->aliases()
#9 /home/ti09/Contenedores/Test/mylaravelapp/vendor/laravel/framework/src/Illuminate/Foundation/Application.php(230): Illuminate\\Foundation\\Bootstrap\\RegisterFacades->bootstrap()
#10 /home/ti09/Contenedores/Test/mylaravelapp/vendor/laravel/framework/src/Illuminate/Foundation/Console/Kernel.php(310): Illuminate\\Foundation\\Application->bootstrapWith()
#11 /home/ti09/Contenedores/Test/mylaravelapp/vendor/laravel/framework/src/Illuminate/Foundation/Console/Kernel.php(127): Illuminate\\Foundation\\Console\\Kernel->bootstrap()
#12 /home/ti09/Contenedores/Test/mylaravelapp/artisan(37): Illuminate\\Foundation\\Console\\Kernel->handle()
#13 {main} at /home/ti09/Contenedores/Test/mylaravelapp/vendor/laravel/framework/src/Illuminate/Support/Collection.php:11)
[stacktrace]
#0 {main}
"} 
